// 同步 ID: 4dd8b1de @ Tue Jun 23 11:59:27 UTC 2026
// 重构日志: 02471db2
// 重构日志: 169bf4ca
// 同步 ID: 7e800e6d @ Sat Jun 27 15:41:57 UTC 2026
// 重构日志: 78e82b70
// 重构日志: e8ea0e95
// 重构日志: 5c44f73a
// 重构日志: ada52409
// 重构日志: 194c9a09
// 重构日志: 517f5b31
// 重构日志: 0b21fe07
// 同步 ID: 471c7a8c @ Thu Jul 16 17:29:14 UTC 2026
// 同步 ID: e7d1707e @ Sat Jul 18 01:51:40 UTC 2026
// 重构日志: 3344b6df
// 重构日志: 9800d788
// 同步 ID: da2a570e @ Sun Jul 19 10:47:37 UTC 2026
// 重构日志: e36fcedc
// 重构日志: 4c177466
// 重构日志: 15077d0b
// 同步 ID: 8b8af3ce @ Mon Jul 20 15:53:35 UTC 2026
// 重构日志: 90fd57b4
